0 info it worked if it ends with ok
1 verbose cli [ 'C:\\Program Files\\nodejs\\node.exe',
1 verbose cli   'C:\\Program Files\\nodejs\\node_modules\\npm\\bin\\npm-cli.js',
1 verbose cli   'run',
1 verbose cli   'build' ]
2 info using npm@3.10.10
3 info using node@v6.10.3
4 verbose run-script [ 'prebuild', 'build', 'postbuild' ]
5 info lifecycle summer-school-2017@0.1.0~prebuild: summer-school-2017@0.1.0
6 silly lifecycle summer-school-2017@0.1.0~prebuild: no script for prebuild, continuing
7 info lifecycle summer-school-2017@0.1.0~build: summer-school-2017@0.1.0
8 verbose lifecycle summer-school-2017@0.1.0~build: unsafe-perm in lifecycle true
9 verbose lifecycle summer-school-2017@0.1.0~build: PATH: C:\Program Files\nodejs\node_modules\npm\bin\node-gyp-bin;C:\Users\cat\Documents\GitHub\skinpricer\node_modules\.bin;C:\ProgramData\Oracle\Java\javapath;C:\Windows\system32;C:\Windows;C:\Windows\System32\Wbem;C:\Windows\System32\WindowsPowerShell\v1.0\;C:\Program Files (x86)\Intel\OpenCL SDK\2.0\bin\x86;C:\Program Files (x86)\Intel\OpenCL SDK\2.0\bin\x64;C:\Program Files\Git\cmd;C:\Program Files\nodejs\;C:\Program Files (x86)\Git\cmd;C:\Ruby24-x64\bin;C:\Windows\system32;C:\Windows;C:\Windows\System32\Wbem;C:\Windows\System32\WindowsPowerShell\v1.0\;C:\Program Files (x86)\Intel\OpenCL SDK\2.0\bin\x86;C:\Program Files (x86)\Intel\OpenCL SDK\2.0\bin\x64;C:\Program Files\Git\cmd;C:\Program Files\nodejs\;C:\Users\cat\AppData\Roaming\npm;C:\Users\cat\Downloads\php-7.1.7-Win32-VC14-x64;C:\xampp\php\php.exe;C:\Users\cat\AppData\Local\GitHubDesktop\bin;C:\Program Files (x86)\Microsoft VS Code\bin;C:\Users\cat\AppData\Local\Programs\Fiddler
10 verbose lifecycle summer-school-2017@0.1.0~build: CWD: C:\Users\cat\Documents\GitHub\skinpricer
11 silly lifecycle summer-school-2017@0.1.0~build: Args: [ '/d /s /c', 'webpack --config build/webpack.prod.js' ]
12 silly lifecycle summer-school-2017@0.1.0~build: Returned: code: 2  signal: null
13 info lifecycle summer-school-2017@0.1.0~build: Failed to exec build script
14 verbose stack Error: summer-school-2017@0.1.0 build: `webpack --config build/webpack.prod.js`
14 verbose stack Exit status 2
14 verbose stack     at EventEmitter.<anonymous> (C:\Program Files\nodejs\node_modules\npm\lib\utils\lifecycle.js:255:16)
14 verbose stack     at emitTwo (events.js:106:13)
14 verbose stack     at EventEmitter.emit (events.js:191:7)
14 verbose stack     at ChildProcess.<anonymous> (C:\Program Files\nodejs\node_modules\npm\lib\utils\spawn.js:40:14)
14 verbose stack     at emitTwo (events.js:106:13)
14 verbose stack     at ChildProcess.emit (events.js:191:7)
14 verbose stack     at maybeClose (internal/child_process.js:886:16)
14 verbose stack     at Process.ChildProcess._handle.onexit (internal/child_process.js:226:5)
15 verbose pkgid summer-school-2017@0.1.0
16 verbose cwd C:\Users\cat\Documents\GitHub\skinpricer
17 error Windows_NT 6.1.7601
18 error argv "C:\\Program Files\\nodejs\\node.exe" "C:\\Program Files\\nodejs\\node_modules\\npm\\bin\\npm-cli.js" "run" "build"
19 error node v6.10.3
20 error npm  v3.10.10
21 error code ELIFECYCLE
22 error summer-school-2017@0.1.0 build: `webpack --config build/webpack.prod.js`
22 error Exit status 2
23 error Failed at the summer-school-2017@0.1.0 build script 'webpack --config build/webpack.prod.js'.
23 error Make sure you have the latest version of node.js and npm installed.
23 error If you do, this is most likely a problem with the summer-school-2017 package,
23 error not with npm itself.
23 error Tell the author that this fails on your system:
23 error     webpack --config build/webpack.prod.js
23 error You can get information on how to open an issue for this project with:
23 error     npm bugs summer-school-2017
23 error Or if that isn't available, you can get their info via:
23 error     npm owner ls summer-school-2017
23 error There is likely additional logging output above.
24 verbose exit [ 1, true ]
